<?xml version="1.0" encoding="UTF-8"?>
<testsuite xmlns:xsi="http://www.w3.org/2001/XMLSchema-instance" xsi:noNamespaceSchemaLocation="https://maven.apache.org/surefire/maven-surefire-plugin/xsd/surefire-test-report.xsd" name="model.ViewShipmentsTest" time="0" tests="8" errors="0" skipped="0" failures="0">
  <properties>
[...]
</properties>
  <testcase name="testShipmentShortDetails" classname="model.ViewShipmentsTest" time="0"/>
  <testcase name="testTrackingNumberVisibility" classname="model.ViewShipmentsTest" time="0"/>
  <testcase name="testFinalizedShipments" classname="model.ViewShipmentsTest" time="0"/>
  <testcase name="testShipmentDetailsDisplay" classname="model.ViewShipmentsTest" time="0"/>
  <testcase name="testShipmentListNotNull" classname="model.ViewShipmentsTest" time="0"/>
  <testcase name="testGetShipmentsByCustomerId" classname="model.ViewShipmentsTest" time="0"/>
  <testcase name="testAddressInformation" classname="model.ViewShipmentsTest" time="0"/>
  <testcase name="testShipmentStatusValues" classname="model.ViewShipmentsTest" time="0"/>
</testsuite>